<?xml version="1.0" encoding="UTF-8"?>
<!-- Generated by org.testng.reporters.JUnitReportReporter -->
<testsuite hostname="DESKTOP-9FJS07V" name="com.qa.tests.DemoTest" tests="4" failures="0" timestamp="19 Jul 2021 15:11:46 GMT" time="0.019" errors="0">
  <testcase name="sum" time="0.000" classname="com.qa.tests.DemoTest"/>
  <testcase name="div" time="0.018" classname="com.qa.tests.DemoTest"/>
  <testcase name="sub" time="0.000" classname="com.qa.tests.DemoTest"/>
  <testcase name="mul" time="0.001" classname="com.qa.tests.DemoTest"/>
</testsuite> <!-- com.qa.tests.DemoTest -->
