<?xml version="1.0" encoding="UTF-8"?>
<!-- Generated by org.testng.reporters.JUnitReportReporter -->
<testsuite hostname="DESKTOP-9FJS07V" name="com.qa.tests.DemoTest1" tests="4" failures="0" timestamp="19 Jul 2021 19:53:51 GMT" time="0.014" errors="0">
  <testcase name="div" time="0.004" classname="com.qa.tests.DemoTest1"/>
  <testcase name="sub" time="0.004" classname="com.qa.tests.DemoTest1"/>
  <testcase name="sum" time="0.003" classname="com.qa.tests.DemoTest1"/>
  <testcase name="mul" time="0.003" classname="com.qa.tests.DemoTest1"/>
</testsuite> <!-- com.qa.tests.DemoTest1 -->
